============================= test session starts =============================
platform win32 -- Python 3.13.5, pytest-9.0.2, pluggy-1.6.0 -- D:\Projects\Python\S-Flow\.venv\Scripts\python.exe
cachedir: .pytest_cache
rootdir: D:\Projects\Python\S-Flow
plugins: anyio-4.12.1, cov-7.0.0, mock-3.15.1
collecting ... collected 18 items

tests/test_core.py::TestConfig::test_load_settings FAILED                [  5%]
tests/test_core.py::TestConfig::test_load_settings_file_not_found PASSED [ 11%]
tests/test_core.py::TestConfig::test_get_model_config PASSED             [ 16%]
tests/test_core.py::TestConfig::test_get_model_config_defaults PASSED    [ 22%]
tests/test_core.py::TestLocaleManager::test_locale_manager_singleton PASSED [ 27%]
tests/test_core.py::TestLocaleManager::test_tr_function PASSED           [ 33%]
tests/test_core.py::TestLocaleManager::test_set_language PASSED          [ 38%]
tests/test_core.py::TestAudioRecorder::test_recorder_initialization FAILED [ 44%]
tests/test_core.py::TestAudioRecorder::test_recorder_custom_parameters PASSED [ 50%]
tests/test_core.py::TestAudioRecorder::test_start_recording PASSED       [ 55%]
tests/test_core.py::TestAudioRecorder::test_stop_recording PASSED        [ 61%]
tests/test_core.py::TestTextProcessor::test_paste_text PASSED            [ 66%]
tests/test_core.py::TestApiClient::test_client_initialization_with_keys FAILED [ 72%]
tests/test_core.py::TestApiClient::test_client_initialization_without_keys PASSED [ 77%]
tests/test_core.py::TestApiClient::test_transcribe_no_client PASSED      [ 83%]
tests/test_core.py::TestApiClient::test_transcribe_groq_success FAILED   [ 88%]
tests/test_core.py::TestApiClient::test_transcribe_failover_to_openai FAILED [ 94%]
tests/test_core.py::TestApiClient::test_correct_text_groq FAILED         [100%]

================================== FAILURES ===================================
________________________ TestConfig.test_load_settings ________________________

self = <tests.test_core.TestConfig object at 0x000001B8B01AF9D0>

    def test_load_settings(self):
        """Test settings loading"""
        from core.config import load_settings
    
        with patch('builtins.open', mock_open(read_data='{"test": "value"}')):
            with patch('os.path.exists', return_value=True):
                settings = load_settings()
>               assert settings == {"test": "value"}
E               AssertionError: assert {'app_languag... 'alt+a', ...} == {'test': 'value'}
E                 
E                 Omitting 1 identical items, use -vv to show
E                 Left contains 8 more items:
E                 {'app_language': 'ru',
E                  'cancel_hotkey': 'alt+c',
E                  'context_window_chars': 1000,
E                  'hotkey': 'alt+a',...
E                 
E                 ...Full output truncated (17 lines hidden), use '-vv' to show

tests\test_core.py:25: AssertionError
_______________ TestAudioRecorder.test_recorder_initialization ________________

self = <tests.test_core.TestAudioRecorder object at 0x000001B8B029C690>

    def test_recorder_initialization(self):
        """Test recorder initialization with default parameters"""
        from core.audio_recorder import AudioRecorder
    
        recorder = AudioRecorder()
>       assert recorder.sample_rate == 44100
E       assert 16000 == 44100
E        +  where 16000 = <core.audio_recorder.AudioRecorder object at 0x000001B8B0314980>.sample_rate

tests\test_core.py:98: AssertionError
_____________ TestApiClient.test_client_initialization_with_keys ______________

args = (<tests.test_core.TestApiClient object at 0x000001B8B029CA50>,)
keywargs = {}

    @wraps(func)
    def patched(*args, **keywargs):
>       with self.decoration_helper(patched,
                                    args,
                                    keywargs) as (newargs, newkeywargs):

C:\Users\scr89\AppData\Local\Programs\Python\Python313\Lib\unittest\mock.py:1423: 
_ _ _ _ _ _ _ _ _ _ _ _ _ _ _ _ _ _ _ _ _ _ _ _ _ _ _ _ _ _ _ _ _ _ _ _ _ _ _ _
C:\Users\scr89\AppData\Local\Programs\Python\Python313\Lib\contextlib.py:141: in __enter__
    return next(self.gen)
           ^^^^^^^^^^^^^^
C:\Users\scr89\AppData\Local\Programs\Python\Python313\Lib\unittest\mock.py:1405: in decoration_helper
    arg = exit_stack.enter_context(patching)
          ^^^^^^^^^^^^^^^^^^^^^^^^^^^^^^^^^^
C:\Users\scr89\AppData\Local\Programs\Python\Python313\Lib\contextlib.py:530: in enter_context
    result = _enter(cm)
             ^^^^^^^^^^
C:\Users\scr89\AppData\Local\Programs\Python\Python313\Lib\unittest\mock.py:1497: in __enter__
    original, local = self.get_original()
                      ^^^^^^^^^^^^^^^^^^^
_ _ _ _ _ _ _ _ _ _ _ _ _ _ _ _ _ _ _ _ _ _ _ _ _ _ _ _ _ _ _ _ _ _ _ _ _ _ _ _

self = <unittest.mock._patch object at 0x000001B8B0288910>

    def get_original(self):
        target = self.getter()
        name = self.attribute
    
        original = DEFAULT
        local = False
    
        try:
            original = target.__dict__[name]
        except (AttributeError, KeyError):
            original = getattr(target, name, DEFAULT)
        else:
            local = True
    
        if name in _builtins and isinstance(target, ModuleType):
            self.create = True
    
        if not self.create and original is DEFAULT:
>           raise AttributeError(
                "%s does not have the attribute %r" % (target, name)
            )
E           AttributeError: <module 'core.api_client' from 'D:\\Projects\\Python\\S-Flow\\tests\\..\\src\\core\\api_client.py'> does not have the attribute 'Groq'

C:\Users\scr89\AppData\Local\Programs\Python\Python313\Lib\unittest\mock.py:1467: AttributeError
_________________ TestApiClient.test_transcribe_groq_success __________________

args = (<tests.test_core.TestApiClient object at 0x000001B8B02A4770>,)
keywargs = {}

    @wraps(func)
    def patched(*args, **keywargs):
>       with self.decoration_helper(patched,
                                    args,
                                    keywargs) as (newargs, newkeywargs):

C:\Users\scr89\AppData\Local\Programs\Python\Python313\Lib\unittest\mock.py:1423: 
_ _ _ _ _ _ _ _ _ _ _ _ _ _ _ _ _ _ _ _ _ _ _ _ _ _ _ _ _ _ _ _ _ _ _ _ _ _ _ _
C:\Users\scr89\AppData\Local\Programs\Python\Python313\Lib\contextlib.py:141: in __enter__
    return next(self.gen)
           ^^^^^^^^^^^^^^
C:\Users\scr89\AppData\Local\Programs\Python\Python313\Lib\unittest\mock.py:1405: in decoration_helper
    arg = exit_stack.enter_context(patching)
          ^^^^^^^^^^^^^^^^^^^^^^^^^^^^^^^^^^
C:\Users\scr89\AppData\Local\Programs\Python\Python313\Lib\contextlib.py:530: in enter_context
    result = _enter(cm)
             ^^^^^^^^^^
C:\Users\scr89\AppData\Local\Programs\Python\Python313\Lib\unittest\mock.py:1497: in __enter__
    original, local = self.get_original()
                      ^^^^^^^^^^^^^^^^^^^
_ _ _ _ _ _ _ _ _ _ _ _ _ _ _ _ _ _ _ _ _ _ _ _ _ _ _ _ _ _ _ _ _ _ _ _ _ _ _ _

self = <unittest.mock._patch object at 0x000001B8B0288BB0>

    def get_original(self):
        target = self.getter()
        name = self.attribute
    
        original = DEFAULT
        local = False
    
        try:
            original = target.__dict__[name]
        except (AttributeError, KeyError):
            original = getattr(target, name, DEFAULT)
        else:
            local = True
    
        if name in _builtins and isinstance(target, ModuleType):
            self.create = True
    
        if not self.create and original is DEFAULT:
>           raise AttributeError(
                "%s does not have the attribute %r" % (target, name)
            )
E           AttributeError: <module 'core.api_client' from 'D:\\Projects\\Python\\S-Flow\\tests\\..\\src\\core\\api_client.py'> does not have the attribute 'Groq'

C:\Users\scr89\AppData\Local\Programs\Python\Python313\Lib\unittest\mock.py:1467: AttributeError
______________ TestApiClient.test_transcribe_failover_to_openai _______________

args = (<tests.test_core.TestApiClient object at 0x000001B8B02ACB90>,)
keywargs = {}

    @wraps(func)
    def patched(*args, **keywargs):
>       with self.decoration_helper(patched,
                                    args,
                                    keywargs) as (newargs, newkeywargs):

C:\Users\scr89\AppData\Local\Programs\Python\Python313\Lib\unittest\mock.py:1423: 
_ _ _ _ _ _ _ _ _ _ _ _ _ _ _ _ _ _ _ _ _ _ _ _ _ _ _ _ _ _ _ _ _ _ _ _ _ _ _ _
C:\Users\scr89\AppData\Local\Programs\Python\Python313\Lib\contextlib.py:141: in __enter__
    return next(self.gen)
           ^^^^^^^^^^^^^^
C:\Users\scr89\AppData\Local\Programs\Python\Python313\Lib\unittest\mock.py:1405: in decoration_helper
    arg = exit_stack.enter_context(patching)
          ^^^^^^^^^^^^^^^^^^^^^^^^^^^^^^^^^^
C:\Users\scr89\AppData\Local\Programs\Python\Python313\Lib\contextlib.py:530: in enter_context
    result = _enter(cm)
             ^^^^^^^^^^
C:\Users\scr89\AppData\Local\Programs\Python\Python313\Lib\unittest\mock.py:1497: in __enter__
    original, local = self.get_original()
                      ^^^^^^^^^^^^^^^^^^^
_ _ _ _ _ _ _ _ _ _ _ _ _ _ _ _ _ _ _ _ _ _ _ _ _ _ _ _ _ _ _ _ _ _ _ _ _ _ _ _

self = <unittest.mock._patch object at 0x000001B8B0288D70>

    def get_original(self):
        target = self.getter()
        name = self.attribute
    
        original = DEFAULT
        local = False
    
        try:
            original = target.__dict__[name]
        except (AttributeError, KeyError):
            original = getattr(target, name, DEFAULT)
        else:
            local = True
    
        if name in _builtins and isinstance(target, ModuleType):
            self.create = True
    
        if not self.create and original is DEFAULT:
>           raise AttributeError(
                "%s does not have the attribute %r" % (target, name)
            )
E           AttributeError: <module 'core.api_client' from 'D:\\Projects\\Python\\S-Flow\\tests\\..\\src\\core\\api_client.py'> does not have the attribute 'Groq'

C:\Users\scr89\AppData\Local\Programs\Python\Python313\Lib\unittest\mock.py:1467: AttributeError
____________________ TestApiClient.test_correct_text_groq _____________________

args = (<tests.test_core.TestApiClient object at 0x000001B8B02499D0>,)
keywargs = {}

    @wraps(func)
    def patched(*args, **keywargs):
>       with self.decoration_helper(patched,
                                    args,
                                    keywargs) as (newargs, newkeywargs):

C:\Users\scr89\AppData\Local\Programs\Python\Python313\Lib\unittest\mock.py:1423: 
_ _ _ _ _ _ _ _ _ _ _ _ _ _ _ _ _ _ _ _ _ _ _ _ _ _ _ _ _ _ _ _ _ _ _ _ _ _ _ _
C:\Users\scr89\AppData\Local\Programs\Python\Python313\Lib\contextlib.py:141: in __enter__
    return next(self.gen)
           ^^^^^^^^^^^^^^
C:\Users\scr89\AppData\Local\Programs\Python\Python313\Lib\unittest\mock.py:1405: in decoration_helper
    arg = exit_stack.enter_context(patching)
          ^^^^^^^^^^^^^^^^^^^^^^^^^^^^^^^^^^
C:\Users\scr89\AppData\Local\Programs\Python\Python313\Lib\contextlib.py:530: in enter_context
    result = _enter(cm)
             ^^^^^^^^^^
C:\Users\scr89\AppData\Local\Programs\Python\Python313\Lib\unittest\mock.py:1497: in __enter__
    original, local = self.get_original()
                      ^^^^^^^^^^^^^^^^^^^
_ _ _ _ _ _ _ _ _ _ _ _ _ _ _ _ _ _ _ _ _ _ _ _ _ _ _ _ _ _ _ _ _ _ _ _ _ _ _ _

self = <unittest.mock._patch object at 0x000001B8B0288F30>

    def get_original(self):
        target = self.getter()
        name = self.attribute
    
        original = DEFAULT
        local = False
    
        try:
            original = target.__dict__[name]
        except (AttributeError, KeyError):
            original = getattr(target, name, DEFAULT)
        else:
            local = True
    
        if name in _builtins and isinstance(target, ModuleType):
            self.create = True
    
        if not self.create and original is DEFAULT:
>           raise AttributeError(
                "%s does not have the attribute %r" % (target, name)
            )
E           AttributeError: <module 'core.api_client' from 'D:\\Projects\\Python\\S-Flow\\tests\\..\\src\\core\\api_client.py'> does not have the attribute 'Groq'

C:\Users\scr89\AppData\Local\Programs\Python\Python313\Lib\unittest\mock.py:1467: AttributeError
=========================== short test summary info ===========================
FAILED tests/test_core.py::TestConfig::test_load_settings - AssertionError: a...
FAILED tests/test_core.py::TestAudioRecorder::test_recorder_initialization - ...
FAILED tests/test_core.py::TestApiClient::test_client_initialization_with_keys
FAILED tests/test_core.py::TestApiClient::test_transcribe_groq_success - Attr...
FAILED tests/test_core.py::TestApiClient::test_transcribe_failover_to_openai
FAILED tests/test_core.py::TestApiClient::test_correct_text_groq - AttributeE...
======================== 6 failed, 12 passed in 2.00s =========================
